<?xml version="1.0" encoding="UTF-8"?>
<testng-results ignored="1" total="4" passed="3" failed="0" skipped="0">
  <reporter-output>
  </reporter-output>
  <suite started-at="2021-10-18T17:50:39 IST" name="Suite" finished-at="2021-10-18T17:50:40 IST" duration-ms="113">
    <groups>
    </groups>
    <test started-at="2021-10-18T17:50:39 IST" name="Test" finished-at="2021-10-18T17:50:40 IST" duration-ms="113">
      <class name="com.crm.contact.ContactTest">
        <test-method signature="createcontact()[pri:0, instance:com.crm.contact.ContactTest@78ffe6dc]" started-at="2021-10-18T17:50:40 IST" name="createcontact" finished-at="2021-10-18T17:50:40 IST" duration-ms="1" status="PASS">
          <reporter-output>
          </reporter-output>
        </test-method> <!-- createcontact -->
        <test-method signature="editcontact()[pri:0, instance:com.crm.contact.ContactTest@78ffe6dc]" started-at="2021-10-18T17:50:40 IST" name="editcontact" finished-at="2021-10-18T17:50:40 IST" duration-ms="1" status="PASS">
          <reporter-output>
          </reporter-output>
        </test-method> <!-- editcontact -->
      </class> <!-- com.crm.contact.ContactTest -->
      <class name="com.crm.org.OrgTest">
        <test-method signature="createorg()[pri:0, instance:com.crm.org.OrgTest@5f683daf]" started-at="2021-10-18T17:50:39 IST" name="createorg" finished-at="2021-10-18T17:50:39 IST" duration-ms="10" status="PASS">
          <reporter-output>
          </reporter-output>
        </test-method> <!-- createorg -->
      </class> <!-- com.crm.org.OrgTest -->
    </test> <!-- Test -->
  </suite> <!-- Suite -->
</testng-results>
