<?xml version="1.0" encoding="UTF-8"?>
<!-- Generated by org.testng.reporters.JUnitXMLReporter -->
<testsuite ignored="1" hostname="DESKTOP-HUVU21D" failures="0" tests="3" name="Test" time="0.113" errors="0" timestamp="2021-10-18T17:50:40 IST">
  <testcase classname="com.crm.org.OrgTest" name="createorg" time="0.01"/>
  <testcase classname="com.crm.contact.ContactTest" name="createcontact" time="0.001"/>
  <testcase classname="com.crm.contact.ContactTest" name="editcontact" time="0.001"/>
  <testcase classname="com.crm.org.OrgTest" name="editorg" time="0.0">
    <ignored/>
  </testcase> <!-- editorg -->
</testsuite> <!-- Test -->
